<?xml version="1.0" encoding="UTF-8"?>
<testng-results skipped="0" failed="0" total="2" passed="2">
  <reporter-output>
  </reporter-output>
  <suite name="Default suite" duration-ms="5302" started-at="2018-10-26T03:14:36Z" finished-at="2018-10-26T03:14:42Z">
    <groups>
    </groups>
    <test name="Default test" duration-ms="5302" started-at="2018-10-26T03:14:36Z" finished-at="2018-10-26T03:14:42Z">
      <class name="getRequest.GetData">
        <test-method status="PASS" signature="testDoesWonderWomenMovieExist()[pri:0, instance:getRequest.GetData@4de8b406]" name="testDoesWonderWomenMovieExist" duration-ms="4010" started-at="2018-10-26T14:14:36Z" finished-at="2018-10-26T14:14:40Z">
          <reporter-output>
          </reporter-output>
        </test-method> <!-- testDoesWonderWomenMovieExist -->
        <test-method status="PASS" signature="testResponseCode()[pri:0, instance:getRequest.GetData@4de8b406]" name="testResponseCode" duration-ms="1269" started-at="2018-10-26T14:14:40Z" finished-at="2018-10-26T14:14:42Z">
          <reporter-output>
          </reporter-output>
        </test-method> <!-- testResponseCode -->
      </class> <!-- getRequest.GetData -->
    </test> <!-- Default test -->
  </suite> <!-- Default suite -->
</testng-results>
